2019-05-03 11:41:56 DEBUG TaskRunnerFactory:98 - Initialized TaskRunnerFactory[ActiveMQ Task] using ExecutorService: java.util.concurrent.ThreadPoolExecutor@1c6b6478[Running, pool size = 0, active threads = 0, queued tasks = 0, completed tasks = 0]
2019-05-03 11:41:56 DEBUG FailoverTransport:788 - Reconnect was triggered but transport is not started yet. Wait for start to connect the transport.
2019-05-03 11:41:56 TRACE IdGenerator:67 - Using port 0
2019-05-03 11:41:56 DEBUG FailoverTransport:358 - Started unconnected
2019-05-03 11:41:56 DEBUG FailoverTransport:781 - Waking up reconnect task
2019-05-03 11:41:56 TRACE TaskRunnerFactory:206 - Created thread[ActiveMQ Task-1]: Thread[ActiveMQ Task-1,5,main]
2019-05-03 11:41:56 TRACE PooledTaskRunner:132 - Running task iteration 0 - org.apache.activemq.transport.failover.FailoverTransport$2@4345b8c0
2019-05-03 11:41:56 DEBUG FailoverTransport:816 - urlList connectionList:[tcp://localhost:61616], from: [tcp://localhost:61616]
2019-05-03 11:41:56 DEBUG FailoverTransport:1014 - Attempting 0th connect to: tcp://localhost:61616
2019-05-03 11:41:56 TRACE AbstractInactivityMonitor:408 - Starting connection check task for: tcp://localhost:61616
2019-05-03 11:41:56 TRACE TcpTransport:211 - TCP consumer thread for tcp://localhost/127.0.0.1:61616@54275 starting
2019-05-03 11:41:56 DEBUG WireFormatNegotiator:82 - Sending: WireFormatInfo { version=12, properties={TcpNoDelayEnabled=true, SizePrefixDisabled=false, CacheSize=1024, ProviderName=ActiveMQ, StackTraceEnabled=true, PlatformDetails=JVM: 1.8.0_211, 25.211-b12, Oracle Corporation, OS: Mac OS X, 10.14.4, x86_64, CacheEnabled=true, TightEncodingEnabled=true, MaxFrameSize=9223372036854775807, MaxInactivityDuration=30000, MaxInactivityDurationInitalDelay=10000, ProviderVersion=5.15.2}, magic=[A,c,t,i,v,e,M,Q]}
2019-05-03 11:41:56 DEBUG FailoverTransport:1023 - Connection established
2019-05-03 11:41:56 INFO  FailoverTransport:1052 - Successfully connected to tcp://localhost:61616
2019-05-03 11:41:56 TRACE TaskRunnerFactory:206 - Created thread[ActiveMQ Task-2]: Thread[ActiveMQ Task-2,5,main]
2019-05-03 11:41:56 TRACE PooledTaskRunner:50 - Run task done: org.apache.activemq.transport.failover.FailoverTransport$2@4345b8c0
2019-05-03 11:41:56 TRACE PooledTaskRunner:132 - Running task iteration 0 - org.apache.activemq.transport.failover.FailoverTransport$2@4345b8c0
2019-05-03 11:41:56 TRACE PooledTaskRunner:50 - Run task done: org.apache.activemq.transport.failover.FailoverTransport$2@4345b8c0
2019-05-03 11:41:56 TRACE AbstractInactivityMonitor:432 - Stopping connection check task for: tcp://localhost/127.0.0.1:61616@54275
2019-05-03 11:41:56 DEBUG InactivityMonitor:103 - Using min of local: WireFormatInfo { version=12, properties={TcpNoDelayEnabled=true, SizePrefixDisabled=false, CacheSize=1024, ProviderName=ActiveMQ, StackTraceEnabled=true, PlatformDetails=JVM: 1.8.0_211, 25.211-b12, Oracle Corporation, OS: Mac OS X, 10.14.4, x86_64, CacheEnabled=true, TightEncodingEnabled=true, MaxFrameSize=9223372036854775807, MaxInactivityDuration=30000, MaxInactivityDurationInitalDelay=10000, ProviderVersion=5.15.2}, magic=[A,c,t,i,v,e,M,Q]} and remote: WireFormatInfo { version=12, properties={TcpNoDelayEnabled=true, SizePrefixDisabled=false, CacheSize=1024, ProviderName=ActiveMQ, StackTraceEnabled=true, PlatformDetails=Java, CacheEnabled=true, TightEncodingEnabled=true, MaxFrameSize=104857600, MaxInactivityDuration=30000, MaxInactivityDurationInitalDelay=10000, ProviderVersion=5.15.9}, magic=[A,c,t,i,v,e,M,Q]}
2019-05-03 11:41:56 DEBUG WireFormatNegotiator:130 - Received WireFormat: WireFormatInfo { version=12, properties={TcpNoDelayEnabled=true, SizePrefixDisabled=false, CacheSize=1024, ProviderName=ActiveMQ, StackTraceEnabled=true, PlatformDetails=Java, CacheEnabled=true, TightEncodingEnabled=true, MaxFrameSize=104857600, MaxInactivityDuration=30000, MaxInactivityDurationInitalDelay=10000, ProviderVersion=5.15.9}, magic=[A,c,t,i,v,e,M,Q]}
2019-05-03 11:41:56 DEBUG WireFormatNegotiator:137 - tcp://localhost/127.0.0.1:61616@54275 before negotiation: OpenWireFormat{version=12, cacheEnabled=false, stackTraceEnabled=false, tightEncodingEnabled=false, sizePrefixDisabled=false, maxFrameSize=9223372036854775807}
2019-05-03 11:41:56 DEBUG WireFormatNegotiator:152 - tcp://localhost/127.0.0.1:61616@54275 after negotiation: OpenWireFormat{version=12, cacheEnabled=true, stackTraceEnabled=true, tightEncodingEnabled=true, sizePrefixDisabled=false, maxFrameSize=104857600}
2019-05-03 11:41:56 TRACE FailoverTransport:309 - Received ConnectionControl: ConnectionControl {commandId = 0, responseRequired = false, suspend = false, resume = false, close = false, exit = false, faultTolerant = false, connectedBrokers = , reconnectTo = , token = null, rebalanceConnection = false}
2019-05-03 11:41:56 DEBUG TaskRunnerFactory:98 - Initialized TaskRunnerFactory[ActiveMQ Task] using ExecutorService: java.util.concurrent.ThreadPoolExecutor@28f67ac7[Running, pool size = 0, active threads = 0, queued tasks = 0, completed tasks = 0]
2019-05-03 11:41:56 DEBUG FailoverTransport:788 - Reconnect was triggered but transport is not started yet. Wait for start to connect the transport.
2019-05-03 11:41:56 DEBUG FailoverTransport:358 - Started unconnected
2019-05-03 11:41:56 DEBUG FailoverTransport:781 - Waking up reconnect task
2019-05-03 11:41:56 TRACE TaskRunnerFactory:206 - Created thread[ActiveMQ Task-1]: Thread[ActiveMQ Task-1,5,main]
2019-05-03 11:41:56 TRACE PooledTaskRunner:132 - Running task iteration 0 - org.apache.activemq.transport.failover.FailoverTransport$2@67ccb00
2019-05-03 11:41:56 TRACE FailoverTransport:615 - Waiting for transport to reconnect..: ConnectionInfo {commandId = 1, responseRequired = true, connectionId = ID:SG3.local-54274-1556894516359-3:1, clientId = ID:SG3.local-54274-1556894516359-2:1, clientIp = null, userName = null, password = *****, brokerPath = null, brokerMasterConnector = false, manageable = true, clientMaster = true, faultTolerant = true, failoverReconnect = false}
2019-05-03 11:41:56 DEBUG FailoverTransport:816 - urlList connectionList:[tcp://localhost:61616], from: [tcp://localhost:61616]
2019-05-03 11:41:56 DEBUG FailoverTransport:1014 - Attempting 0th connect to: tcp://localhost:61616
2019-05-03 11:41:56 TRACE AbstractInactivityMonitor:408 - Starting connection check task for: tcp://localhost:61616
2019-05-03 11:41:56 DEBUG WireFormatNegotiator:82 - Sending: WireFormatInfo { version=12, properties={TcpNoDelayEnabled=true, SizePrefixDisabled=false, CacheSize=1024, ProviderName=ActiveMQ, StackTraceEnabled=true, PlatformDetails=JVM: 1.8.0_211, 25.211-b12, Oracle Corporation, OS: Mac OS X, 10.14.4, x86_64, CacheEnabled=true, TightEncodingEnabled=true, MaxFrameSize=9223372036854775807, MaxInactivityDuration=30000, MaxInactivityDurationInitalDelay=10000, ProviderVersion=5.15.2}, magic=[A,c,t,i,v,e,M,Q]}
2019-05-03 11:41:56 TRACE TcpTransport:211 - TCP consumer thread for tcp://localhost/127.0.0.1:61616@54276 starting
2019-05-03 11:41:56 DEBUG FailoverTransport:1023 - Connection established
2019-05-03 11:41:56 INFO  FailoverTransport:1052 - Successfully connected to tcp://localhost:61616
2019-05-03 11:41:56 TRACE TaskRunnerFactory:206 - Created thread[ActiveMQ Task-2]: Thread[ActiveMQ Task-2,5,main]
2019-05-03 11:41:56 TRACE AbstractInactivityMonitor:432 - Stopping connection check task for: tcp://localhost/127.0.0.1:61616@54276
2019-05-03 11:41:56 TRACE PooledTaskRunner:50 - Run task done: org.apache.activemq.transport.failover.FailoverTransport$2@67ccb00
2019-05-03 11:41:56 DEBUG InactivityMonitor:103 - Using min of local: WireFormatInfo { version=12, properties={TcpNoDelayEnabled=true, SizePrefixDisabled=false, CacheSize=1024, ProviderName=ActiveMQ, StackTraceEnabled=true, PlatformDetails=JVM: 1.8.0_211, 25.211-b12, Oracle Corporation, OS: Mac OS X, 10.14.4, x86_64, CacheEnabled=true, TightEncodingEnabled=true, MaxFrameSize=9223372036854775807, MaxInactivityDuration=30000, MaxInactivityDurationInitalDelay=10000, ProviderVersion=5.15.2}, magic=[A,c,t,i,v,e,M,Q]} and remote: WireFormatInfo { version=12, properties={TcpNoDelayEnabled=true, SizePrefixDisabled=false, CacheSize=1024, ProviderName=ActiveMQ, StackTraceEnabled=true, PlatformDetails=Java, CacheEnabled=true, TightEncodingEnabled=true, MaxFrameSize=104857600, MaxInactivityDuration=30000, MaxInactivityDurationInitalDelay=10000, ProviderVersion=5.15.9}, magic=[A,c,t,i,v,e,M,Q]}
2019-05-03 11:41:56 TRACE PooledTaskRunner:132 - Running task iteration 0 - org.apache.activemq.transport.failover.FailoverTransport$2@67ccb00
2019-05-03 11:41:56 DEBUG WireFormatNegotiator:130 - Received WireFormat: WireFormatInfo { version=12, properties={TcpNoDelayEnabled=true, SizePrefixDisabled=false, CacheSize=1024, ProviderName=ActiveMQ, StackTraceEnabled=true, PlatformDetails=Java, CacheEnabled=true, TightEncodingEnabled=true, MaxFrameSize=104857600, MaxInactivityDuration=30000, MaxInactivityDurationInitalDelay=10000, ProviderVersion=5.15.9}, magic=[A,c,t,i,v,e,M,Q]}
2019-05-03 11:41:56 TRACE PooledTaskRunner:50 - Run task done: org.apache.activemq.transport.failover.FailoverTransport$2@67ccb00
2019-05-03 11:41:56 DEBUG WireFormatNegotiator:137 - tcp://localhost/127.0.0.1:61616@54276 before negotiation: OpenWireFormat{version=12, cacheEnabled=false, stackTraceEnabled=false, tightEncodingEnabled=false, sizePrefixDisabled=false, maxFrameSize=9223372036854775807}
2019-05-03 11:41:56 DEBUG WireFormatNegotiator:152 - tcp://localhost/127.0.0.1:61616@54276 after negotiation: OpenWireFormat{version=12, cacheEnabled=true, stackTraceEnabled=true, tightEncodingEnabled=true, sizePrefixDisabled=false, maxFrameSize=104857600}
2019-05-03 11:41:56 TRACE FailoverTransport:309 - Received ConnectionControl: ConnectionControl {commandId = 0, responseRequired = false, suspend = false, resume = false, close = false, exit = false, faultTolerant = false, connectedBrokers = , reconnectTo = , token = null, rebalanceConnection = false}
2019-05-03 11:41:56 TRACE ActiveMQSession:1953 - ID:SG3.local-54274-1556894516359-1:1:1 sending message: ActiveMQTextMessage {commandId = 0, responseRequired = false, messageId = ID:SG3.local-54274-1556894516359-1:1:1:1:1, originalDestination = null, originalTransactionId = null, producerId = ID:SG3.local-54274-1556894516359-1:1:1:1, destination = queue://educacionit, transactionId = null, expiration = 0, timestamp = 1556894516625, arrival = 0, brokerInTime = 0, brokerOutTime = 0, correlationId = null, replyTo = null, persistent = true, type = null, priority = 4, groupID = null, groupSequence = 0, targetConsumerId = null, compressed = false, userID = null, content = null, marshalledProperties = null, dataStructure = null, redeliveryCounter = 0, size = 0, properties = null, readOnlyProperties = true, readOnlyBody = true, droppable = false, jmsXGroupFirstForConsumer = false, text = homer simpson}
2019-05-03 11:41:56 DEBUG TaskRunnerFactory:98 - Initialized TaskRunnerFactory[ActiveMQ Session Task] using ExecutorService: java.util.concurrent.ThreadPoolExecutor@21863be3[Running, pool size = 0, active threads = 0, queued tasks = 0, completed tasks = 0]
2019-05-03 11:41:56 TRACE TaskRunnerFactory:206 - Created thread[ActiveMQ Session Task-1]: Thread[ActiveMQ Session Task-1,7,main]
2019-05-03 11:41:56 TRACE PooledTaskRunner:132 - Running task iteration 0 - org.apache.activemq.ActiveMQSessionExecutor@1c071606
2019-05-03 11:41:56 TRACE PooledTaskRunner:50 - Run task done: org.apache.activemq.ActiveMQSessionExecutor@1c071606
2019-05-03 11:41:56 TRACE ActiveMQMessageConsumer:516 - ID:SG3.local-54274-1556894516359-3:1:1:1 received message: MessageDispatch {commandId = 0, responseRequired = false, consumerId = ID:SG3.local-54274-1556894516359-3:1:1:1, destination = queue://educacionit, message = ActiveMQTextMessage {commandId = 5, responseRequired = true, messageId = ID:SG3.local-54274-1556894516359-1:1:1:1:1, originalDestination = null, originalTransactionId = null, producerId = ID:SG3.local-54274-1556894516359-1:1:1:1, destination = queue://educacionit, transactionId = null, expiration = 0, timestamp = 1556894516625, arrival = 0, brokerInTime = 1556894516629, brokerOutTime = 1556894516637, correlationId = null, replyTo = null, persistent = true, type = null, priority = 4, groupID = null, groupSequence = 0, targetConsumerId = null, compressed = false, userID = null, content = org.apache.activemq.util.ByteSequence@5594a1b5, marshalledProperties = null, dataStructure = null, redeliveryCounter = 0, size = 0, properties = null, readOnlyProperties = true, readOnlyBody = true, droppable = false, jmsXGroupFirstForConsumer = false, text = homer simpson}, redeliveryCounter = 0}
2019-05-03 11:41:56 TRACE ThreadPoolUtils:111 - Shutdown of ExecutorService: java.util.concurrent.ThreadPoolExecutor@7f63425a[Running, pool size = 0, active threads = 0, queued tasks = 0, completed tasks = 0] with await termination: 0 millis
2019-05-03 11:41:56 DEBUG ThreadPoolUtils:155 - Shutdown of ExecutorService: java.util.concurrent.ThreadPoolExecutor@7f63425a[Terminated, pool size = 0, active threads = 0, queued tasks = 0, completed tasks = 0] is shutdown: true and terminated: true took: 0.000 seconds.
2019-05-03 11:41:56 DEBUG FailoverTransport:382 - Stopped tcp://localhost:61616
2019-05-03 11:41:56 TRACE PooledTaskRunner:95 - Shutdown timeout: 0 task: org.apache.activemq.transport.failover.FailoverTransport$2@4345b8c0
2019-05-03 11:41:56 DEBUG ThreadPoolUtils:54 - Forcing shutdown of ExecutorService: java.util.concurrent.ThreadPoolExecutor@1c6b6478[Running, pool size = 2, active threads = 0, queued tasks = 0, completed tasks = 2]
2019-05-03 11:41:56 TRACE ThreadPoolUtils:57 - Shutdown of ExecutorService: java.util.concurrent.ThreadPoolExecutor@1c6b6478[Shutting down, pool size = 2, active threads = 0, queued tasks = 0, completed tasks = 2] is shutdown: true and terminated: false.
2019-05-03 11:41:56 DEBUG TcpTransport:549 - Stopping transport tcp://localhost/127.0.0.1:61616@54275
2019-05-03 11:41:56 DEBUG TaskRunnerFactory:98 - Initialized TaskRunnerFactory[ActiveMQ Task] using ExecutorService: java.util.concurrent.ThreadPoolExecutor@57829d67[Running, pool size = 0, active threads = 0, queued tasks = 0, completed tasks = 0]
2019-05-03 11:41:56 TRACE TaskRunnerFactory:170 - Execute[ActiveMQ Task] runnable: org.apache.activemq.transport.tcp.TcpTransport$1@19dfb72a
2019-05-03 11:41:56 TRACE TaskRunnerFactory:206 - Created thread[ActiveMQ Task-1]: Thread[ActiveMQ Task-1,5,main]
2019-05-03 11:41:56 TRACE TcpTransport:565 - Closing socket Socket[addr=localhost/127.0.0.1,port=61616,localport=54275]
2019-05-03 11:41:56 DEBUG TcpTransport:568 - Closed socket Socket[addr=localhost/127.0.0.1,port=61616,localport=54275]
2019-05-03 11:41:56 DEBUG ThreadPoolUtils:54 - Forcing shutdown of ExecutorService: java.util.concurrent.ThreadPoolExecutor@57829d67[Running, pool size = 1, active threads = 0, queued tasks = 0, completed tasks = 1]
2019-05-03 11:41:56 TRACE ThreadPoolUtils:57 - Shutdown of ExecutorService: java.util.concurrent.ThreadPoolExecutor@57829d67[Shutting down, pool size = 1, active threads = 0, queued tasks = 0, completed tasks = 1] is shutdown: true and terminated: false.
2019-05-03 11:41:56 TRACE PooledTaskRunner:95 - Shutdown timeout: 0 task: org.apache.activemq.ActiveMQSessionExecutor@1c071606
2019-05-03 11:41:56 TRACE ThreadPoolUtils:111 - Shutdown of ExecutorService: java.util.concurrent.ThreadPoolExecutor@21863be3[Running, pool size = 1, active threads = 0, queued tasks = 0, completed tasks = 1] with await termination: 0 millis
2019-05-03 11:41:56 DEBUG ThreadPoolUtils:155 - Shutdown of ExecutorService: java.util.concurrent.ThreadPoolExecutor@21863be3[Terminated, pool size = 0, active threads = 0, queued tasks = 0, completed tasks = 1] is shutdown: true and terminated: false took: 0.000 seconds.
2019-05-03 11:41:56 TRACE ThreadPoolUtils:111 - Shutdown of ExecutorService: java.util.concurrent.ThreadPoolExecutor@59a6e353[Running, pool size = 0, active threads = 0, queued tasks = 0, completed tasks = 0] with await termination: 0 millis
2019-05-03 11:41:56 TRACE ThreadPoolUtils:111 - Shutdown of ExecutorService: java.util.concurrent.ThreadPoolExecutor@3da78f7c[Running, pool size = 0, active threads = 0, queued tasks = 0, completed tasks = 0] with await termination: 10000 millis
2019-05-03 11:41:56 DEBUG ThreadPoolUtils:155 - Shutdown of ExecutorService: java.util.concurrent.ThreadPoolExecutor@59a6e353[Terminated, pool size = 0, active threads = 0, queued tasks = 0, completed tasks = 0] is shutdown: true and terminated: true took: 0.001 seconds.
2019-05-03 11:41:56 DEBUG ThreadPoolUtils:155 - Shutdown of ExecutorService: java.util.concurrent.ThreadPoolExecutor@3da78f7c[Terminated, pool size = 0, active threads = 0, queued tasks = 0, completed tasks = 0] is shutdown: true and terminated: true took: 0.001 seconds.
2019-05-03 11:41:56 DEBUG FailoverTransport:382 - Stopped tcp://localhost:61616
2019-05-03 11:41:56 TRACE PooledTaskRunner:95 - Shutdown timeout: 0 task: org.apache.activemq.transport.failover.FailoverTransport$2@67ccb00
2019-05-03 11:41:56 DEBUG ThreadPoolUtils:54 - Forcing shutdown of ExecutorService: java.util.concurrent.ThreadPoolExecutor@28f67ac7[Running, pool size = 2, active threads = 0, queued tasks = 0, completed tasks = 2]
2019-05-03 11:41:56 TRACE ThreadPoolUtils:57 - Shutdown of ExecutorService: java.util.concurrent.ThreadPoolExecutor@28f67ac7[Shutting down, pool size = 2, active threads = 0, queued tasks = 0, completed tasks = 2] is shutdown: true and terminated: false.
2019-05-03 11:41:56 DEBUG TcpTransport:549 - Stopping transport tcp://localhost/127.0.0.1:61616@54276
2019-05-03 11:41:56 DEBUG TaskRunnerFactory:98 - Initialized TaskRunnerFactory[ActiveMQ Task] using ExecutorService: java.util.concurrent.ThreadPoolExecutor@7a0ac6e3[Running, pool size = 0, active threads = 0, queued tasks = 0, completed tasks = 0]
2019-05-03 11:41:56 TRACE TaskRunnerFactory:170 - Execute[ActiveMQ Task] runnable: org.apache.activemq.transport.tcp.TcpTransport$1@71be98f5
2019-05-03 11:41:56 TRACE TaskRunnerFactory:206 - Created thread[ActiveMQ Task-1]: Thread[ActiveMQ Task-1,5,main]
2019-05-03 11:41:56 TRACE TcpTransport:565 - Closing socket Socket[addr=localhost/127.0.0.1,port=61616,localport=54276]
2019-05-03 11:41:56 DEBUG TcpTransport:568 - Closed socket Socket[addr=localhost/127.0.0.1,port=61616,localport=54276]
2019-05-03 11:41:56 DEBUG ThreadPoolUtils:54 - Forcing shutdown of ExecutorService: java.util.concurrent.ThreadPoolExecutor@7a0ac6e3[Running, pool size = 1, active threads = 0, queued tasks = 0, completed tasks = 1]
2019-05-03 11:41:56 TRACE ThreadPoolUtils:57 - Shutdown of ExecutorService: java.util.concurrent.ThreadPoolExecutor@7a0ac6e3[Shutting down, pool size = 1, active threads = 0, queued tasks = 0, completed tasks = 1] is shutdown: true and terminated: false.
